[0m23:05:13.120463 [debug] [MainThread]: Sending event: {'category': 'dbt', 'action': 'invocation', 'label': 'start', 'context': [<snowplow_tracker.self_describing_json.SelfDescribingJson object at 0x1081b7e00>, <snowplow_tracker.self_describing_json.SelfDescribingJson object at 0x1096ebb10>, <snowplow_tracker.self_describing_json.SelfDescribingJson object at 0x1096ebc50>]}


============================== 23:05:13.123691 | 23b437e1-0cd6-4560-91c9-d80fcbe04d78 ==============================
[0m23:05:13.123691 [info ] [MainThread]: Running with dbt=1.10.13
[0m23:05:13.124030 [debug] [MainThread]: running dbt with arguments {'write_json': 'True', 'no_print': 'None', 'send_anonymous_usage_stats': 'True', 'empty': 'None', 'target_path': 'None', 'profiles_dir': '/Users/guycarelarakaza/.dbt', 'warn_error': 'None', 'use_colors': 'True', 'printer_width': '80', 'warn_error_options': 'WarnErrorOptionsV2(error=[], warn=[], silence=[])', 'log_format': 'default', 'log_cache_events': 'False', 'indirect_selection': 'eager', 'introspect': 'True', 'fail_fast': 'False', 'quiet': 'False', 'debug': 'False', 'log_path': 'logs', 'static_parser': 'True', 'version_check': 'True', 'cache_selected_only': 'False', 'use_experimental_parser': 'False', 'invocation_command': 'dbt init postgres_etl_dbt', 'partial_parse': 'True'}
[0m23:05:13.137341 [debug] [MainThread]: Starter project path: /Users/guycarelarakaza/Documents/GitHub/ETL/venv/lib/python3.13/site-packages/dbt/include/starter_project
[0m23:05:13.142148 [info ] [MainThread]: 
Your new dbt project "postgres_etl_dbt" was created!

For more information on how to configure the profiles.yml file,
please consult the dbt documentation here:

  https://docs.getdbt.com/docs/configure-your-profile

One more thing:

Need help? Don't hesitate to reach out to us via GitHub issues or on Slack:

  https://community.getdbt.com/

Happy modeling!

[0m23:05:13.142350 [info ] [MainThread]: Setting up your profile.
[0m23:07:35.511282 [info ] [MainThread]: Profile postgres_etl_dbt written to /Users/guycarelarakaza/.dbt/profiles.yml using target's profile_template.yml and your supplied values. Run 'dbt debug' to validate the connection.
[0m23:07:35.519044 [debug] [MainThread]: Resource report: {"command_name": "init", "command_success": true, "command_wall_clock_time": 142.43866, "process_in_blocks": "0", "process_kernel_time": 0.146822, "process_mem_max_rss": "108232704", "process_out_blocks": "0", "process_user_time": 0.666889}
[0m23:07:35.521167 [debug] [MainThread]: Command `dbt init` succeeded at 23:07:35.520842 after 142.44 seconds
[0m23:07:35.523040 [debug] [MainThread]: Sending event: {'category': 'dbt', 'action': 'invocation', 'label': 'end', 'context': [<snowplow_tracker.self_describing_json.SelfDescribingJson object at 0x109763bb0>, <snowplow_tracker.self_describing_json.SelfDescribingJson object at 0x1087a2450>, <snowplow_tracker.self_describing_json.SelfDescribingJson object at 0x1097b2250>]}
[0m23:07:35.524119 [debug] [MainThread]: Flushing usage events
[0m23:07:36.021184 [debug] [MainThread]: An error was encountered while trying to flush usage events
